<?xml version="1.0" encoding="UTF-8"?>
<testng-results ignored="0" total="2" passed="2" failed="0" skipped="0">
  <reporter-output>
  </reporter-output>
  <suite started-at="2025-11-27T20:23:45 IST" name="Suite" finished-at="2025-11-27T20:24:59 IST" duration-ms="73394">
    <groups>
    </groups>
    <test started-at="2025-11-27T20:23:45 IST" name="Test" finished-at="2025-11-27T20:24:59 IST" duration-ms="73394">
      <class name="testcases.HomePageTest">
        <test-method is-config="true" signature="setup()[pri:0, instance:testcases.HomePageTest@10683d9d]" started-at="2025-11-27T20:23:46 IST" name="setup" finished-at="2025-11-27T20:24:29 IST" duration-ms="43318" status="PASS">
          <reporter-output>
          </reporter-output>
        </test-method> <!-- setup -->
        <test-method signature="verifyHomePage()[pri:0, instance:testcases.HomePageTest@10683d9d]" started-at="2025-11-27T20:24:29 IST" name="verifyHomePage" finished-at="2025-11-27T20:24:29 IST" duration-ms="269" status="PASS">
          <reporter-output>
          </reporter-output>
        </test-method> <!-- verifyHomePage -->
        <test-method is-config="true" signature="tearDown()[pri:0, instance:testcases.HomePageTest@10683d9d]" started-at="2025-11-27T20:24:29 IST" name="tearDown" finished-at="2025-11-27T20:24:29 IST" duration-ms="324" status="PASS">
          <reporter-output>
          </reporter-output>
        </test-method> <!-- tearDown -->
      </class> <!-- testcases.HomePageTest -->
      <class name="testcases.TextBoxTest">
        <test-method is-config="true" signature="setup()[pri:0, instance:testcases.TextBoxTest@510f3d34]" started-at="2025-11-27T20:24:29 IST" name="setup" finished-at="2025-11-27T20:24:57 IST" duration-ms="27289" status="PASS">
          <reporter-output>
          </reporter-output>
        </test-method> <!-- setup -->
        <test-method signature="StartTextBoxTest()[pri:0, instance:testcases.TextBoxTest@510f3d34]" started-at="2025-11-27T20:24:57 IST" name="StartTextBoxTest" finished-at="2025-11-27T20:24:59 IST" duration-ms="1765" status="PASS">
          <reporter-output>
          </reporter-output>
        </test-method> <!-- StartTextBoxTest -->
        <test-method is-config="true" signature="tearDown()[pri:0, instance:testcases.TextBoxTest@510f3d34]" started-at="2025-11-27T20:24:59 IST" name="tearDown" finished-at="2025-11-27T20:24:59 IST" duration-ms="324" status="PASS">
          <reporter-output>
          </reporter-output>
        </test-method> <!-- tearDown -->
      </class> <!-- testcases.TextBoxTest -->
    </test> <!-- Test -->
  </suite> <!-- Suite -->
</testng-results>
